<?xml version="1.0" encoding="UTF-8"?>
<!-- Generated by org.testng.reporters.JUnitReportReporter -->
<testsuite skipped="0" hostname="DESKTOP-C9I2KNP" name="qaclickacademy.SeleniumTest" tests="2" failures="0" timestamp="2022-04-24T14:21:14 IST" time="0.000" errors="0">
  <testcase name="SeleniumTest1" time="0.000" classname="qaclickacademy.SeleniumTest"/>
  <system-out/>
  <testcase name="SeleniumTest2" time="0.000" classname="qaclickacademy.SeleniumTest"/>
  <system-out/>
</testsuite> <!-- qaclickacademy.SeleniumTest -->
