<?xml version="1.0" encoding="UTF-8"?>
<!-- Generated by org.testng.reporters.JUnitReportReporter -->
<testsuite skipped="0" hostname="DESKTOP-C9I2KNP" name="qaclickacademy.AppiumTest" tests="2" failures="0" timestamp="2022-04-24T14:21:14 IST" time="0.016" errors="0">
  <testcase name="AppiumTest2" time="0.016" classname="qaclickacademy.AppiumTest"/>
  <system-out/>
  <testcase name="AppiumTest1" time="0.000" classname="qaclickacademy.AppiumTest"/>
  <system-out/>
</testsuite> <!-- qaclickacademy.AppiumTest -->
